<?xml version="1.0" encoding="UTF-8"?>
<!-- Generated by org.testng.reporters.JUnitReportReporter -->
<testsuite skipped="0" hostname="LAPTOP-3HNND56P" name="testcases.ManageProductTest" tests="1" failures="0" timestamp="2022-08-21T15:22:20 IST" time="22.168" errors="0">
  <testcase name="ProductTest" time="22.168" classname="testcases.ManageProductTest"/>
  <system-out/>
</testsuite> <!-- testcases.ManageProductTest -->
