<?xml version="1.0" encoding="UTF-8"?>
<!-- Generated by org.testng.reporters.JUnitReportReporter -->
<testsuite skipped="0" hostname="LAPTOP-3HNND56P" name="testcases.Reg" tests="1" failures="0" timestamp="2022-08-20T22:41:46 IST" time="8.953" errors="0">
  <testcase name="test" time="8.953" classname="testcases.Reg"/>
  <system-out/>
</testsuite> <!-- testcases.Reg -->
