<?xml version="1.0" encoding="UTF-8"?>
<!-- Generated by org.testng.reporters.JUnitReportReporter -->
<testsuite skipped="0" hostname="LAPTOP-3HNND56P" name="testcases.LoginTest" tests="3" failures="0" timestamp="2022-08-21T15:18:49 IST" time="36.454" errors="0">
  <testcase name="LoginFailiureTest" time="10.551" classname="testcases.LoginTest"/>
  <system-out/>
  <testcase name="AdminLogin" time="12.603" classname="testcases.LoginTest"/>
  <system-out/>
  <testcase name="UserLogin" time="13.300" classname="testcases.LoginTest"/>
  <system-out/>
</testsuite> <!-- testcases.LoginTest -->
