<?xml version="1.0" encoding="UTF-8"?>
<!-- Generated by org.testng.reporters.JUnitReportReporter -->
<testsuite skipped="0" hostname="LAPTOP-3HNND56P" name="testcases.Register" tests="1" failures="0" timestamp="2022-08-21T15:13:16 IST" time="15.238" errors="0">
  <testcase name="UserReg" time="15.238" classname="testcases.Register"/>
  <system-out/>
</testsuite> <!-- testcases.Register -->
