<?xml version="1.0" encoding="UTF-8"?>
<!-- Generated by org.testng.reporters.JUnitReportReporter -->
<testsuite skipped="0" hostname="LAPTOP-3HNND56P" name="apiTesting.ApiTest" tests="1" failures="0" timestamp="2022-08-21T16:32:16 IST" time="3.944" errors="0">
  <testcase name="apitest" time="3.944" classname="apiTesting.ApiTest"/>
  <system-out/>
</testsuite> <!-- apiTesting.ApiTest -->
